INFO  [2013-10-15 12:42:19,714] org.eclipse.jetty.server.Server: Graceful shutdown SocketConnector@0.0.0.0:8081
INFO  [2013-10-15 12:42:19,746] org.eclipse.jetty.server.Server: Graceful shutdown InstrumentedBlockingChannelConnector@0.0.0.0:8080
INFO  [2013-10-15 12:42:19,760] org.eclipse.jetty.server.Server: Graceful shutdown o.e.j.s.ServletContextHandler{/,null}
INFO  [2013-10-15 12:42:19,761] org.eclipse.jetty.server.Server: Graceful shutdown o.e.j.s.ServletContextHandler{/,file:/Users/lpaterso/dev/tfl_init/build/classes/main/}
INFO  [2013-10-15 12:42:21,844] org.eclipse.jetty.server.handler.ContextHandler: stopped o.e.j.s.ServletContextHandler{/,file:/Users/lpaterso/dev/tfl_init/build/classes/main/}
INFO  [2013-10-15 12:42:21,844] org.eclipse.jetty.server.handler.ContextHandler: stopped o.e.j.s.ServletContextHandler{/,null}
INFO  [2013-10-15 12:42:32,122] org.mongodb.morphia.logging.MorphiaLoggerFactory: LoggerImplFactory set to org.mongodb.morphia.logging.jdk.JDKLoggerFactory
INFO  [2013-10-15 12:42:32,303] com.yammer.dropwizard.cli.ServerCommand: Starting hello-world
INFO  [2013-10-15 12:42:32,305] org.eclipse.jetty.server.Server: jetty-8.1.10.v20130312
INFO  [2013-10-15 12:42:32,462] com.sun.jersey.server.impl.application.WebApplicationImpl: Initiating Jersey application, version 'Jersey: 1.17.1 02/28/2013 12:47 PM'
INFO  [2013-10-15 12:42:32,545] com.yammer.dropwizard.config.Environment: The following paths were found for the configured resources:

    GET     /hello-world (spike.tfl.HelloController)

INFO  [2013-10-15 12:42:32,545] com.yammer.dropwizard.config.Environment: tasks = 

    POST    /tasks/gc (com.yammer.dropwizard.tasks.GarbageCollectionTask)

INFO  [2013-10-15 12:42:32,884] org.eclipse.jetty.server.AbstractConnector: Started InstrumentedBlockingChannelConnector@0.0.0.0:8080
INFO  [2013-10-15 12:42:32,915] org.eclipse.jetty.server.AbstractConnector: Started SocketConnector@0.0.0.0:8081
INFO  [2013-10-15 13:08:31,368] org.eclipse.jetty.server.Server: Graceful shutdown SocketConnector@0.0.0.0:8081
INFO  [2013-10-15 13:08:31,368] org.eclipse.jetty.server.Server: Graceful shutdown InstrumentedBlockingChannelConnector@0.0.0.0:8080
INFO  [2013-10-15 13:08:31,368] org.eclipse.jetty.server.Server: Graceful shutdown o.e.j.s.ServletContextHandler{/,null}
INFO  [2013-10-15 13:08:31,368] org.eclipse.jetty.server.Server: Graceful shutdown o.e.j.s.ServletContextHandler{/,file:/Users/lpaterso/dev/tfl_init/build/classes/main/}
INFO  [2013-10-15 13:08:33,422] org.eclipse.jetty.server.handler.ContextHandler: stopped o.e.j.s.ServletContextHandler{/,file:/Users/lpaterso/dev/tfl_init/build/classes/main/}
INFO  [2013-10-15 13:08:33,422] org.eclipse.jetty.server.handler.ContextHandler: stopped o.e.j.s.ServletContextHandler{/,null}
INFO  [2013-10-15 13:08:41,157] org.mongodb.morphia.logging.MorphiaLoggerFactory: LoggerImplFactory set to org.mongodb.morphia.logging.jdk.JDKLoggerFactory
INFO  [2013-10-15 13:08:41,321] com.yammer.dropwizard.cli.ServerCommand: Starting hello-world
INFO  [2013-10-15 13:08:41,323] org.eclipse.jetty.server.Server: jetty-8.1.10.v20130312
INFO  [2013-10-15 13:08:41,464] com.sun.jersey.server.impl.application.WebApplicationImpl: Initiating Jersey application, version 'Jersey: 1.17.1 02/28/2013 12:47 PM'
INFO  [2013-10-15 13:08:41,530] com.yammer.dropwizard.config.Environment: The following paths were found for the configured resources:

    POST    /hello (spike.tfl.HelloController)

INFO  [2013-10-15 13:08:41,530] com.yammer.dropwizard.config.Environment: tasks = 

    POST    /tasks/gc (com.yammer.dropwizard.tasks.GarbageCollectionTask)

INFO  [2013-10-15 13:08:41,846] org.eclipse.jetty.server.AbstractConnector: Started InstrumentedBlockingChannelConnector@0.0.0.0:8080
INFO  [2013-10-15 13:08:41,848] org.eclipse.jetty.server.AbstractConnector: Started SocketConnector@0.0.0.0:8081
INFO  [2013-10-15 13:10:59,455] org.eclipse.jetty.server.Server: Graceful shutdown SocketConnector@0.0.0.0:8081
INFO  [2013-10-15 13:10:59,456] org.eclipse.jetty.server.Server: Graceful shutdown InstrumentedBlockingChannelConnector@0.0.0.0:8080
INFO  [2013-10-15 13:10:59,456] org.eclipse.jetty.server.Server: Graceful shutdown o.e.j.s.ServletContextHandler{/,null}
INFO  [2013-10-15 13:10:59,456] org.eclipse.jetty.server.Server: Graceful shutdown o.e.j.s.ServletContextHandler{/,file:/Users/lpaterso/dev/tfl_init/build/classes/main/}
INFO  [2013-10-15 13:11:01,510] org.eclipse.jetty.server.handler.ContextHandler: stopped o.e.j.s.ServletContextHandler{/,file:/Users/lpaterso/dev/tfl_init/build/classes/main/}
INFO  [2013-10-15 13:11:01,510] org.eclipse.jetty.server.handler.ContextHandler: stopped o.e.j.s.ServletContextHandler{/,null}
INFO  [2013-10-15 13:11:15,788] org.mongodb.morphia.logging.MorphiaLoggerFactory: LoggerImplFactory set to org.mongodb.morphia.logging.jdk.JDKLoggerFactory
INFO  [2013-10-15 13:11:15,930] com.yammer.dropwizard.cli.ServerCommand: Starting hello-world
INFO  [2013-10-15 13:11:15,932] org.eclipse.jetty.server.Server: jetty-8.1.10.v20130312
INFO  [2013-10-15 13:11:16,056] com.sun.jersey.server.impl.application.WebApplicationImpl: Initiating Jersey application, version 'Jersey: 1.17.1 02/28/2013 12:47 PM'
INFO  [2013-10-15 13:11:16,118] com.yammer.dropwizard.config.Environment: The following paths were found for the configured resources:

    GET     /hello-world (spike.tfl.HelloController)

INFO  [2013-10-15 13:11:16,119] com.yammer.dropwizard.config.Environment: tasks = 

    POST    /tasks/gc (com.yammer.dropwizard.tasks.GarbageCollectionTask)

INFO  [2013-10-15 13:11:16,418] org.eclipse.jetty.server.AbstractConnector: Started InstrumentedBlockingChannelConnector@0.0.0.0:8080
INFO  [2013-10-15 13:11:16,437] org.eclipse.jetty.server.AbstractConnector: Started SocketConnector@0.0.0.0:8081
INFO  [2013-10-15 13:12:05,229] org.eclipse.jetty.server.Server: Graceful shutdown SocketConnector@0.0.0.0:8081
INFO  [2013-10-15 13:12:05,229] org.eclipse.jetty.server.Server: Graceful shutdown InstrumentedBlockingChannelConnector@0.0.0.0:8080
INFO  [2013-10-15 13:12:05,229] org.eclipse.jetty.server.Server: Graceful shutdown o.e.j.s.ServletContextHandler{/,null}
INFO  [2013-10-15 13:12:05,230] org.eclipse.jetty.server.Server: Graceful shutdown o.e.j.s.ServletContextHandler{/,file:/Users/lpaterso/dev/tfl_init/build/classes/main/}
INFO  [2013-10-15 13:12:07,283] org.eclipse.jetty.server.handler.ContextHandler: stopped o.e.j.s.ServletContextHandler{/,file:/Users/lpaterso/dev/tfl_init/build/classes/main/}
INFO  [2013-10-15 13:12:07,283] org.eclipse.jetty.server.handler.ContextHandler: stopped o.e.j.s.ServletContextHandler{/,null}
INFO  [2013-10-15 13:12:14,343] org.mongodb.morphia.logging.MorphiaLoggerFactory: LoggerImplFactory set to org.mongodb.morphia.logging.jdk.JDKLoggerFactory
INFO  [2013-10-15 13:12:14,508] com.yammer.dropwizard.cli.ServerCommand: Starting hello-world
INFO  [2013-10-15 13:12:14,510] org.eclipse.jetty.server.Server: jetty-8.1.10.v20130312
INFO  [2013-10-15 13:12:14,647] com.sun.jersey.server.impl.application.WebApplicationImpl: Initiating Jersey application, version 'Jersey: 1.17.1 02/28/2013 12:47 PM'
INFO  [2013-10-15 13:12:14,709] com.yammer.dropwizard.config.Environment: The following paths were found for the configured resources:

    GET     /hello-world (spike.tfl.HelloController)

INFO  [2013-10-15 13:12:14,709] com.yammer.dropwizard.config.Environment: tasks = 

    POST    /tasks/gc (com.yammer.dropwizard.tasks.GarbageCollectionTask)

INFO  [2013-10-15 13:12:14,983] org.eclipse.jetty.server.AbstractConnector: Started InstrumentedBlockingChannelConnector@0.0.0.0:8080
INFO  [2013-10-15 13:12:14,986] org.eclipse.jetty.server.AbstractConnector: Started SocketConnector@0.0.0.0:8081
INFO  [2013-10-15 13:12:34,788] org.eclipse.jetty.server.Server: Graceful shutdown SocketConnector@0.0.0.0:8081
INFO  [2013-10-15 13:12:34,788] org.eclipse.jetty.server.Server: Graceful shutdown InstrumentedBlockingChannelConnector@0.0.0.0:8080
INFO  [2013-10-15 13:12:34,789] org.eclipse.jetty.server.Server: Graceful shutdown o.e.j.s.ServletContextHandler{/,null}
INFO  [2013-10-15 13:12:34,789] org.eclipse.jetty.server.Server: Graceful shutdown o.e.j.s.ServletContextHandler{/,file:/Users/lpaterso/dev/tfl_init/build/classes/main/}
INFO  [2013-10-15 13:12:36,843] org.eclipse.jetty.server.handler.ContextHandler: stopped o.e.j.s.ServletContextHandler{/,file:/Users/lpaterso/dev/tfl_init/build/classes/main/}
INFO  [2013-10-15 13:12:36,843] org.eclipse.jetty.server.handler.ContextHandler: stopped o.e.j.s.ServletContextHandler{/,null}
INFO  [2013-10-15 13:12:43,286] org.mongodb.morphia.logging.MorphiaLoggerFactory: LoggerImplFactory set to org.mongodb.morphia.logging.jdk.JDKLoggerFactory
INFO  [2013-10-15 13:12:43,469] com.yammer.dropwizard.cli.ServerCommand: Starting hello-world
INFO  [2013-10-15 13:12:43,471] org.eclipse.jetty.server.Server: jetty-8.1.10.v20130312
INFO  [2013-10-15 13:12:43,608] com.sun.jersey.server.impl.application.WebApplicationImpl: Initiating Jersey application, version 'Jersey: 1.17.1 02/28/2013 12:47 PM'
INFO  [2013-10-15 13:12:43,680] com.yammer.dropwizard.config.Environment: The following paths were found for the configured resources:

    GET     /hello-world (spike.tfl.HelloController)

INFO  [2013-10-15 13:12:43,681] com.yammer.dropwizard.config.Environment: tasks = 

    POST    /tasks/gc (com.yammer.dropwizard.tasks.GarbageCollectionTask)

INFO  [2013-10-15 13:12:44,018] org.eclipse.jetty.server.AbstractConnector: Started InstrumentedBlockingChannelConnector@0.0.0.0:8080
INFO  [2013-10-15 13:12:44,035] org.eclipse.jetty.server.AbstractConnector: Started SocketConnector@0.0.0.0:8081
INFO  [2013-10-15 13:13:00,132] org.eclipse.jetty.server.Server: Graceful shutdown SocketConnector@0.0.0.0:8081
INFO  [2013-10-15 13:13:00,132] org.eclipse.jetty.server.Server: Graceful shutdown InstrumentedBlockingChannelConnector@0.0.0.0:8080
INFO  [2013-10-15 13:13:00,133] org.eclipse.jetty.server.Server: Graceful shutdown o.e.j.s.ServletContextHandler{/,null}
INFO  [2013-10-15 13:13:00,133] org.eclipse.jetty.server.Server: Graceful shutdown o.e.j.s.ServletContextHandler{/,file:/Users/lpaterso/dev/tfl_init/build/classes/main/}
INFO  [2013-10-15 13:13:02,186] org.eclipse.jetty.server.handler.ContextHandler: stopped o.e.j.s.ServletContextHandler{/,file:/Users/lpaterso/dev/tfl_init/build/classes/main/}
INFO  [2013-10-15 13:13:02,186] org.eclipse.jetty.server.handler.ContextHandler: stopped o.e.j.s.ServletContextHandler{/,null}
INFO  [2013-10-15 13:13:08,407] org.mongodb.morphia.logging.MorphiaLoggerFactory: LoggerImplFactory set to org.mongodb.morphia.logging.jdk.JDKLoggerFactory
INFO  [2013-10-15 13:13:08,554] com.yammer.dropwizard.cli.ServerCommand: Starting hello-world
INFO  [2013-10-15 13:13:08,556] org.eclipse.jetty.server.Server: jetty-8.1.10.v20130312
INFO  [2013-10-15 13:13:08,672] com.sun.jersey.server.impl.application.WebApplicationImpl: Initiating Jersey application, version 'Jersey: 1.17.1 02/28/2013 12:47 PM'
INFO  [2013-10-15 13:13:08,728] com.yammer.dropwizard.config.Environment: The following paths were found for the configured resources:

    POST    /hello-world (spike.tfl.HelloController)

INFO  [2013-10-15 13:13:08,729] com.yammer.dropwizard.config.Environment: tasks = 

    POST    /tasks/gc (com.yammer.dropwizard.tasks.GarbageCollectionTask)

INFO  [2013-10-15 13:13:09,014] org.eclipse.jetty.server.AbstractConnector: Started InstrumentedBlockingChannelConnector@0.0.0.0:8080
INFO  [2013-10-15 13:13:09,031] org.eclipse.jetty.server.AbstractConnector: Started SocketConnector@0.0.0.0:8081
INFO  [2013-10-15 13:29:07,024] org.eclipse.jetty.server.Server: Graceful shutdown SocketConnector@0.0.0.0:8081
INFO  [2013-10-15 13:29:07,025] org.eclipse.jetty.server.Server: Graceful shutdown InstrumentedBlockingChannelConnector@0.0.0.0:8080
INFO  [2013-10-15 13:29:07,025] org.eclipse.jetty.server.Server: Graceful shutdown o.e.j.s.ServletContextHandler{/,null}
INFO  [2013-10-15 13:29:07,025] org.eclipse.jetty.server.Server: Graceful shutdown o.e.j.s.ServletContextHandler{/,file:/Users/lpaterso/dev/tfl_init/build/classes/main/}
INFO  [2013-10-15 13:29:09,078] org.eclipse.jetty.server.handler.ContextHandler: stopped o.e.j.s.ServletContextHandler{/,file:/Users/lpaterso/dev/tfl_init/build/classes/main/}
INFO  [2013-10-15 13:29:09,078] org.eclipse.jetty.server.handler.ContextHandler: stopped o.e.j.s.ServletContextHandler{/,null}
INFO  [2013-10-15 13:29:16,239] org.mongodb.morphia.logging.MorphiaLoggerFactory: LoggerImplFactory set to org.mongodb.morphia.logging.jdk.JDKLoggerFactory
INFO  [2013-10-15 13:29:16,394] com.yammer.dropwizard.cli.ServerCommand: Starting hello-world
INFO  [2013-10-15 13:29:16,396] org.eclipse.jetty.server.Server: jetty-8.1.10.v20130312
INFO  [2013-10-15 13:29:16,528] com.sun.jersey.server.impl.application.WebApplicationImpl: Initiating Jersey application, version 'Jersey: 1.17.1 02/28/2013 12:47 PM'
INFO  [2013-10-15 13:29:16,590] com.yammer.dropwizard.config.Environment: The following paths were found for the configured resources:

    GET     /hello (spike.tfl.HelloController)

INFO  [2013-10-15 13:29:16,590] com.yammer.dropwizard.config.Environment: tasks = 

    POST    /tasks/gc (com.yammer.dropwizard.tasks.GarbageCollectionTask)

INFO  [2013-10-15 13:29:16,851] org.eclipse.jetty.server.AbstractConnector: Started InstrumentedBlockingChannelConnector@0.0.0.0:8080
INFO  [2013-10-15 13:29:16,854] org.eclipse.jetty.server.AbstractConnector: Started SocketConnector@0.0.0.0:8081
INFO  [2013-10-15 13:29:34,096] org.eclipse.jetty.server.Server: Graceful shutdown SocketConnector@0.0.0.0:8081
INFO  [2013-10-15 13:29:34,097] org.eclipse.jetty.server.Server: Graceful shutdown InstrumentedBlockingChannelConnector@0.0.0.0:8080
INFO  [2013-10-15 13:29:34,097] org.eclipse.jetty.server.Server: Graceful shutdown o.e.j.s.ServletContextHandler{/,null}
INFO  [2013-10-15 13:29:34,097] org.eclipse.jetty.server.Server: Graceful shutdown o.e.j.s.ServletContextHandler{/,file:/Users/lpaterso/dev/tfl_init/build/classes/main/}
INFO  [2013-10-15 13:29:36,151] org.eclipse.jetty.server.handler.ContextHandler: stopped o.e.j.s.ServletContextHandler{/,file:/Users/lpaterso/dev/tfl_init/build/classes/main/}
INFO  [2013-10-15 13:29:36,151] org.eclipse.jetty.server.handler.ContextHandler: stopped o.e.j.s.ServletContextHandler{/,null}
INFO  [2013-10-15 13:29:42,940] org.mongodb.morphia.logging.MorphiaLoggerFactory: LoggerImplFactory set to org.mongodb.morphia.logging.jdk.JDKLoggerFactory
INFO  [2013-10-15 13:29:43,080] com.yammer.dropwizard.cli.ServerCommand: Starting hello-world
INFO  [2013-10-15 13:29:43,082] org.eclipse.jetty.server.Server: jetty-8.1.10.v20130312
INFO  [2013-10-15 13:29:43,190] com.sun.jersey.server.impl.application.WebApplicationImpl: Initiating Jersey application, version 'Jersey: 1.17.1 02/28/2013 12:47 PM'
INFO  [2013-10-15 13:29:43,250] com.yammer.dropwizard.config.Environment: The following paths were found for the configured resources:

    GET     /hello-world (spike.tfl.HelloController)

INFO  [2013-10-15 13:29:43,251] com.yammer.dropwizard.config.Environment: tasks = 

    POST    /tasks/gc (com.yammer.dropwizard.tasks.GarbageCollectionTask)

INFO  [2013-10-15 13:29:43,539] org.eclipse.jetty.server.AbstractConnector: Started InstrumentedBlockingChannelConnector@0.0.0.0:8080
INFO  [2013-10-15 13:29:43,555] org.eclipse.jetty.server.AbstractConnector: Started SocketConnector@0.0.0.0:8081
INFO  [2013-10-15 13:31:06,666] org.eclipse.jetty.server.Server: Graceful shutdown SocketConnector@0.0.0.0:8081
INFO  [2013-10-15 13:31:06,667] org.eclipse.jetty.server.Server: Graceful shutdown InstrumentedBlockingChannelConnector@0.0.0.0:8080
INFO  [2013-10-15 13:31:06,667] org.eclipse.jetty.server.Server: Graceful shutdown o.e.j.s.ServletContextHandler{/,null}
INFO  [2013-10-15 13:31:06,667] org.eclipse.jetty.server.Server: Graceful shutdown o.e.j.s.ServletContextHandler{/,file:/Users/lpaterso/dev/tfl_init/build/classes/main/}
INFO  [2013-10-15 13:31:08,721] org.eclipse.jetty.server.handler.ContextHandler: stopped o.e.j.s.ServletContextHandler{/,file:/Users/lpaterso/dev/tfl_init/build/classes/main/}
INFO  [2013-10-15 13:31:08,721] org.eclipse.jetty.server.handler.ContextHandler: stopped o.e.j.s.ServletContextHandler{/,null}
INFO  [2013-10-15 13:31:17,313] org.mongodb.morphia.logging.MorphiaLoggerFactory: LoggerImplFactory set to org.mongodb.morphia.logging.jdk.JDKLoggerFactory
INFO  [2013-10-15 13:31:17,498] com.yammer.dropwizard.cli.ServerCommand: Starting hello-world
INFO  [2013-10-15 13:31:17,500] org.eclipse.jetty.server.Server: jetty-8.1.10.v20130312
INFO  [2013-10-15 13:31:17,645] com.sun.jersey.server.impl.application.WebApplicationImpl: Initiating Jersey application, version 'Jersey: 1.17.1 02/28/2013 12:47 PM'
INFO  [2013-10-15 13:31:17,717] com.yammer.dropwizard.config.Environment: The following paths were found for the configured resources:

    GET     /hello-world (spike.tfl.HelloController)

INFO  [2013-10-15 13:31:17,717] com.yammer.dropwizard.config.Environment: tasks = 

    POST    /tasks/gc (com.yammer.dropwizard.tasks.GarbageCollectionTask)

INFO  [2013-10-15 13:31:18,060] org.eclipse.jetty.server.AbstractConnector: Started InstrumentedBlockingChannelConnector@0.0.0.0:8080
INFO  [2013-10-15 13:31:18,063] org.eclipse.jetty.server.AbstractConnector: Started SocketConnector@0.0.0.0:8081
INFO  [2013-10-15 13:37:11,065] org.eclipse.jetty.server.Server: Graceful shutdown SocketConnector@0.0.0.0:8081
INFO  [2013-10-15 13:37:11,070] org.eclipse.jetty.server.Server: Graceful shutdown InstrumentedBlockingChannelConnector@0.0.0.0:8080
INFO  [2013-10-15 13:37:11,071] org.eclipse.jetty.server.Server: Graceful shutdown o.e.j.s.ServletContextHandler{/,null}
INFO  [2013-10-15 13:37:11,071] org.eclipse.jetty.server.Server: Graceful shutdown o.e.j.s.ServletContextHandler{/,file:/Users/lpaterso/dev/tfl_init/build/classes/main/}
INFO  [2013-10-15 13:37:13,123] org.eclipse.jetty.server.handler.ContextHandler: stopped o.e.j.s.ServletContextHandler{/,file:/Users/lpaterso/dev/tfl_init/build/classes/main/}
INFO  [2013-10-15 13:37:13,123] org.eclipse.jetty.server.handler.ContextHandler: stopped o.e.j.s.ServletContextHandler{/,null}
INFO  [2013-10-15 16:15:34,620] org.mongodb.morphia.logging.MorphiaLoggerFactory: LoggerImplFactory set to org.mongodb.morphia.logging.jdk.JDKLoggerFactory
INFO  [2013-10-15 16:15:35,621] com.yammer.dropwizard.cli.ServerCommand: Starting hello-world
INFO  [2013-10-15 16:15:35,625] org.eclipse.jetty.server.Server: jetty-8.1.10.v20130312
INFO  [2013-10-15 16:15:35,832] com.sun.jersey.server.impl.application.WebApplicationImpl: Initiating Jersey application, version 'Jersey: 1.17.1 02/28/2013 12:47 PM'
INFO  [2013-10-15 16:15:35,899] com.yammer.dropwizard.config.Environment: The following paths were found for the configured resources:

    GET     /hello-world (spike.tfl.HelloController)

INFO  [2013-10-15 16:15:35,900] com.yammer.dropwizard.config.Environment: tasks = 

    POST    /tasks/gc (com.yammer.dropwizard.tasks.GarbageCollectionTask)

INFO  [2013-10-15 16:15:36,198] org.eclipse.jetty.server.AbstractConnector: Started InstrumentedBlockingChannelConnector@0.0.0.0:8080
INFO  [2013-10-15 16:15:36,200] org.eclipse.jetty.server.AbstractConnector: Started SocketConnector@0.0.0.0:8081
INFO  [2013-10-15 16:18:10,394] org.eclipse.jetty.server.Server: Graceful shutdown SocketConnector@0.0.0.0:8081
INFO  [2013-10-15 16:18:10,394] org.eclipse.jetty.server.Server: Graceful shutdown InstrumentedBlockingChannelConnector@0.0.0.0:8080
INFO  [2013-10-15 16:18:10,395] org.eclipse.jetty.server.Server: Graceful shutdown o.e.j.s.ServletContextHandler{/,null}
INFO  [2013-10-15 16:18:10,395] org.eclipse.jetty.server.Server: Graceful shutdown o.e.j.s.ServletContextHandler{/,file:/Users/lpaterso/dev/tfl_init/build/classes/main/}
INFO  [2013-10-15 16:18:12,446] org.eclipse.jetty.server.handler.ContextHandler: stopped o.e.j.s.ServletContextHandler{/,file:/Users/lpaterso/dev/tfl_init/build/classes/main/}
INFO  [2013-10-15 16:18:12,446] org.eclipse.jetty.server.handler.ContextHandler: stopped o.e.j.s.ServletContextHandler{/,null}
INFO  [2013-10-15 16:18:20,023] org.mongodb.morphia.logging.MorphiaLoggerFactory: LoggerImplFactory set to org.mongodb.morphia.logging.jdk.JDKLoggerFactory
INFO  [2013-10-15 16:18:20,226] com.yammer.dropwizard.cli.ServerCommand: Starting hello-world
INFO  [2013-10-15 16:18:20,228] org.eclipse.jetty.server.Server: jetty-8.1.10.v20130312
INFO  [2013-10-15 16:18:20,347] com.sun.jersey.server.impl.application.WebApplicationImpl: Initiating Jersey application, version 'Jersey: 1.17.1 02/28/2013 12:47 PM'
INFO  [2013-10-15 16:18:20,411] com.yammer.dropwizard.config.Environment: The following paths were found for the configured resources:

    GET     /hello-world (spike.tfl.HelloController)

INFO  [2013-10-15 16:18:20,412] com.yammer.dropwizard.config.Environment: tasks = 

    POST    /tasks/gc (com.yammer.dropwizard.tasks.GarbageCollectionTask)

INFO  [2013-10-15 16:18:20,677] org.eclipse.jetty.server.AbstractConnector: Started InstrumentedBlockingChannelConnector@0.0.0.0:8080
INFO  [2013-10-15 16:18:20,679] org.eclipse.jetty.server.AbstractConnector: Started SocketConnector@0.0.0.0:8081
INFO  [2013-10-15 16:19:04,189] org.eclipse.jetty.server.Server: Graceful shutdown SocketConnector@0.0.0.0:8081
INFO  [2013-10-15 16:19:04,189] org.eclipse.jetty.server.Server: Graceful shutdown InstrumentedBlockingChannelConnector@0.0.0.0:8080
INFO  [2013-10-15 16:19:04,190] org.eclipse.jetty.server.Server: Graceful shutdown o.e.j.s.ServletContextHandler{/,null}
INFO  [2013-10-15 16:19:04,190] org.eclipse.jetty.server.Server: Graceful shutdown o.e.j.s.ServletContextHandler{/,file:/Users/lpaterso/dev/tfl_init/build/classes/main/}
INFO  [2013-10-15 16:19:06,243] org.eclipse.jetty.server.handler.ContextHandler: stopped o.e.j.s.ServletContextHandler{/,file:/Users/lpaterso/dev/tfl_init/build/classes/main/}
INFO  [2013-10-15 16:19:06,244] org.eclipse.jetty.server.handler.ContextHandler: stopped o.e.j.s.ServletContextHandler{/,null}
INFO  [2013-10-15 16:19:12,446] org.mongodb.morphia.logging.MorphiaLoggerFactory: LoggerImplFactory set to org.mongodb.morphia.logging.jdk.JDKLoggerFactory
INFO  [2013-10-15 16:19:12,610] com.yammer.dropwizard.cli.ServerCommand: Starting hello-world
INFO  [2013-10-15 16:19:12,612] org.eclipse.jetty.server.Server: jetty-8.1.10.v20130312
INFO  [2013-10-15 16:19:12,733] com.sun.jersey.server.impl.application.WebApplicationImpl: Initiating Jersey application, version 'Jersey: 1.17.1 02/28/2013 12:47 PM'
INFO  [2013-10-15 16:19:12,797] com.yammer.dropwizard.config.Environment: The following paths were found for the configured resources:

    GET     /hello-world (spike.tfl.HelloController)

INFO  [2013-10-15 16:19:12,798] com.yammer.dropwizard.config.Environment: tasks = 

    POST    /tasks/gc (com.yammer.dropwizard.tasks.GarbageCollectionTask)

INFO  [2013-10-15 16:19:13,059] org.eclipse.jetty.server.AbstractConnector: Started InstrumentedBlockingChannelConnector@0.0.0.0:8080
INFO  [2013-10-15 16:19:13,077] org.eclipse.jetty.server.AbstractConnector: Started SocketConnector@0.0.0.0:8081
ERROR [2013-10-15 16:19:21,741] com.yammer.dropwizard.jersey.LoggingExceptionMapper: Error handling a request: ccb06862952572d9
! org.mongodb.morphia.mapping.MappingException: No usable constructor for spike.tfl.Person
! at org.mongodb.morphia.mapping.DefaultCreator.getNoArgsConstructor(DefaultCreator.java:156) ~[morphia-0.105.jar:na]
! at org.mongodb.morphia.mapping.DefaultCreator.createInst(DefaultCreator.java:125) ~[morphia-0.105.jar:na]
! at org.mongodb.morphia.mapping.DefaultCreator.createInstance(DefaultCreator.java:31) ~[morphia-0.105.jar:na]
! at org.mongodb.morphia.mapping.DefaultCreator.createInstance(DefaultCreator.java:42) ~[morphia-0.105.jar:na]
! at org.mongodb.morphia.mapping.Mapper.fromDBObject(Mapper.java:293) ~[morphia-0.105.jar:na]
! at org.mongodb.morphia.query.MorphiaIterator.convertItem(MorphiaIterator.java:71) ~[morphia-0.105.jar:na]
! at org.mongodb.morphia.query.MorphiaIterator.processItem(MorphiaIterator.java:58) ~[morphia-0.105.jar:na]
! at org.mongodb.morphia.query.MorphiaIterator.next(MorphiaIterator.java:53) ~[morphia-0.105.jar:na]
! at org.mongodb.morphia.query.QueryImpl.get(QueryImpl.java:408) ~[morphia-0.105.jar:na]
! at spike.tfl.PeopleRepository.findPerson(HelloRepository.java:21) ~[main/:na]
! at spike.tfl.HelloController.getRoleFor(HelloController.java:42) ~[main/:na]
! at spike.tfl.HelloController.ohHello(HelloController.java:33) ~[main/:na]
! at sun.reflect.NativeMethodAccessorImpl.invoke0(Native Method) ~[na:1.7.0_17]
! at sun.reflect.NativeMethodAccessorImpl.invoke(NativeMethodAccessorImpl.java:57) ~[na:1.7.0_17]
! at sun.reflect.DelegatingMethodAccessorImpl.invoke(DelegatingMethodAccessorImpl.java:43) ~[na:1.7.0_17]
! at java.lang.reflect.Method.invoke(Method.java:601) ~[na:1.7.0_17]
! at com.sun.jersey.spi.container.JavaMethodInvokerFactory$1.invoke(JavaMethodInvokerFactory.java:60) ~[jersey-server-1.17.1.jar:1.17.1]
! at com.sun.jersey.server.impl.model.method.dispatch.AbstractResourceMethodDispatchProvider$TypeOutInvoker._dispatch(AbstractResourceMethodDispatchProvider.java:185) ~[jersey-server-1.17.1.jar:1.17.1]
! at com.sun.jersey.server.impl.model.method.dispatch.ResourceJavaMethodDispatcher.dispatch(ResourceJavaMethodDispatcher.java:75) ~[jersey-server-1.17.1.jar:1.17.1]
! at com.yammer.metrics.jersey.InstrumentedResourceMethodDispatchProvider$TimedRequestDispatcher.dispatch(InstrumentedResourceMethodDispatchProvider.java:32) ~[metrics-jersey-2.2.0.jar:na]
! at com.yammer.dropwizard.jersey.OptionalResourceMethodDispatchAdapter$OptionalRequestDispatcher.dispatch(OptionalResourceMethodDispatchAdapter.java:37) ~[dropwizard-core-0.6.2.jar:na]
! at com.sun.jersey.server.impl.uri.rules.HttpMethodRule.accept(HttpMethodRule.java:302) ~[jersey-server-1.17.1.jar:1.17.1]
! at com.sun.jersey.server.impl.uri.rules.ResourceObjectRule.accept(ResourceObjectRule.java:100) ~[jersey-server-1.17.1.jar:1.17.1]
! at com.sun.jersey.server.impl.uri.rules.RightHandPathRule.accept(RightHandPathRule.java:147) ~[jersey-server-1.17.1.jar:1.17.1]
! at com.sun.jersey.server.impl.uri.rules.RootResourceClassesRule.accept(RootResourceClassesRule.java:84) ~[jersey-server-1.17.1.jar:1.17.1]
! at com.sun.jersey.server.impl.application.WebApplicationImpl._handleRequest(WebApplicationImpl.java:1511) [jersey-server-1.17.1.jar:1.17.1]
! at com.sun.jersey.server.impl.application.WebApplicationImpl._handleRequest(WebApplicationImpl.java:1442) [jersey-server-1.17.1.jar:1.17.1]
! at com.sun.jersey.server.impl.application.WebApplicationImpl.handleRequest(WebApplicationImpl.java:1391) [jersey-server-1.17.1.jar:1.17.1]
! at com.sun.jersey.server.impl.application.WebApplicationImpl.handleRequest(WebApplicationImpl.java:1381) [jersey-server-1.17.1.jar:1.17.1]
! at com.sun.jersey.spi.container.servlet.WebComponent.service(WebComponent.java:416) [jersey-servlet-1.17.1.jar:1.17.1]
! at com.sun.jersey.spi.container.servlet.ServletContainer.service(ServletContainer.java:538) [jersey-servlet-1.17.1.jar:1.17.1]
! at com.sun.jersey.spi.container.servlet.ServletContainer.service(ServletContainer.java:716) [jersey-servlet-1.17.1.jar:1.17.1]
! at javax.servlet.http.HttpServlet.service(HttpServlet.java:848) [javax.servlet-3.0.0.v201112011016.jar:na]
! at org.eclipse.jetty.servlet.ServletHolder.handle(ServletHolder.java:669) [jetty-servlet-8.1.10.v20130312.jar:8.1.10.v20130312]
! at org.eclipse.jetty.servlet.ServletHandler$CachedChain.doFilter(ServletHandler.java:1448) [jetty-servlet-8.1.10.v20130312.jar:8.1.10.v20130312]
! at com.yammer.dropwizard.servlets.ThreadNameFilter.doFilter(ThreadNameFilter.java:29) [dropwizard-core-0.6.2.jar:na]
! at org.eclipse.jetty.servlet.ServletHandler$CachedChain.doFilter(ServletHandler.java:1419) [jetty-servlet-8.1.10.v20130312.jar:8.1.10.v20130312]
! at org.eclipse.jetty.servlet.ServletHandler.doHandle(ServletHandler.java:455) [jetty-servlet-8.1.10.v20130312.jar:8.1.10.v20130312]
! at org.eclipse.jetty.server.handler.ContextHandler.doHandle(ContextHandler.java:1075) [jetty-server-8.1.10.v20130312.jar:8.1.10.v20130312]
! at org.eclipse.jetty.servlet.ServletHandler.doScope(ServletHandler.java:384) [jetty-servlet-8.1.10.v20130312.jar:8.1.10.v20130312]
! at org.eclipse.jetty.server.handler.ContextHandler.doScope(ContextHandler.java:1009) [jetty-server-8.1.10.v20130312.jar:8.1.10.v20130312]
! at org.eclipse.jetty.server.handler.ScopedHandler.handle(ScopedHandler.java:135) [jetty-server-8.1.10.v20130312.jar:8.1.10.v20130312]
! at org.eclipse.jetty.server.handler.HandlerWrapper.handle(HandlerWrapper.java:116) [jetty-server-8.1.10.v20130312.jar:8.1.10.v20130312]
! at com.yammer.metrics.jetty.InstrumentedHandler.handle(InstrumentedHandler.java:200) [metrics-jetty-2.2.0.jar:na]
! at org.eclipse.jetty.server.handler.GzipHandler.handle(GzipHandler.java:264) [jetty-server-8.1.10.v20130312.jar:8.1.10.v20130312]
! at com.yammer.dropwizard.jetty.BiDiGzipHandler.handle(BiDiGzipHandler.java:123) [dropwizard-core-0.6.2.jar:na]
! at org.eclipse.jetty.server.handler.HandlerCollection.handle(HandlerCollection.java:154) [jetty-server-8.1.10.v20130312.jar:8.1.10.v20130312]
! at org.eclipse.jetty.server.handler.HandlerWrapper.handle(HandlerWrapper.java:116) [jetty-server-8.1.10.v20130312.jar:8.1.10.v20130312]
! at org.eclipse.jetty.server.Server.handle(Server.java:368) [jetty-server-8.1.10.v20130312.jar:8.1.10.v20130312]
! at org.eclipse.jetty.server.AbstractHttpConnection.handleRequest(AbstractHttpConnection.java:489) [jetty-server-8.1.10.v20130312.jar:8.1.10.v20130312]
! at org.eclipse.jetty.server.BlockingHttpConnection.handleRequest(BlockingHttpConnection.java:53) [jetty-server-8.1.10.v20130312.jar:8.1.10.v20130312]
! at org.eclipse.jetty.server.AbstractHttpConnection.headerComplete(AbstractHttpConnection.java:942) [jetty-server-8.1.10.v20130312.jar:8.1.10.v20130312]
! at org.eclipse.jetty.server.AbstractHttpConnection$RequestHandler.headerComplete(AbstractHttpConnection.java:1004) [jetty-server-8.1.10.v20130312.jar:8.1.10.v20130312]
! at org.eclipse.jetty.http.HttpParser.parseNext(HttpParser.java:640) [jetty-http-8.1.10.v20130312.jar:8.1.10.v20130312]
! at org.eclipse.jetty.http.HttpParser.parseAvailable(HttpParser.java:235) [jetty-http-8.1.10.v20130312.jar:8.1.10.v20130312]
! at org.eclipse.jetty.server.BlockingHttpConnection.handle(BlockingHttpConnection.java:72) [jetty-server-8.1.10.v20130312.jar:8.1.10.v20130312]
! at org.eclipse.jetty.server.nio.BlockingChannelConnector$BlockingChannelEndPoint.run(BlockingChannelConnector.java:298) [jetty-server-8.1.10.v20130312.jar:8.1.10.v20130312]
! at org.eclipse.jetty.util.thread.QueuedThreadPool.runJob(QueuedThreadPool.java:608) [jetty-util-8.1.10.v20130312.jar:8.1.10.v20130312]
! at org.eclipse.jetty.util.thread.QueuedThreadPool$3.run(QueuedThreadPool.java:543) [jetty-util-8.1.10.v20130312.jar:8.1.10.v20130312]
! at java.lang.Thread.run(Thread.java:722) [na:1.7.0_17]
Caused by: ! java.lang.NoSuchMethodException: spike.tfl.Person.<init>()
! at java.lang.Class.getConstructor0(Class.java:2730) ~[na:1.7.0_17]
! at java.lang.Class.getDeclaredConstructor(Class.java:2004) ~[na:1.7.0_17]
! at org.mongodb.morphia.mapping.DefaultCreator.getNoArgsConstructor(DefaultCreator.java:152) ~[morphia-0.105.jar:na]
!... 59 common frames omitted
INFO  [2013-10-15 16:19:56,076] org.eclipse.jetty.server.Server: Graceful shutdown SocketConnector@0.0.0.0:8081
INFO  [2013-10-15 16:19:56,077] org.eclipse.jetty.server.Server: Graceful shutdown InstrumentedBlockingChannelConnector@0.0.0.0:8080
INFO  [2013-10-15 16:19:56,077] org.eclipse.jetty.server.Server: Graceful shutdown o.e.j.s.ServletContextHandler{/,null}
INFO  [2013-10-15 16:19:56,077] org.eclipse.jetty.server.Server: Graceful shutdown o.e.j.s.ServletContextHandler{/,file:/Users/lpaterso/dev/tfl_init/build/classes/main/}
INFO  [2013-10-15 16:19:58,131] org.eclipse.jetty.server.handler.ContextHandler: stopped o.e.j.s.ServletContextHandler{/,file:/Users/lpaterso/dev/tfl_init/build/classes/main/}
INFO  [2013-10-15 16:19:58,131] org.eclipse.jetty.server.handler.ContextHandler: stopped o.e.j.s.ServletContextHandler{/,null}
INFO  [2013-10-15 16:20:04,652] org.mongodb.morphia.logging.MorphiaLoggerFactory: LoggerImplFactory set to org.mongodb.morphia.logging.jdk.JDKLoggerFactory
INFO  [2013-10-15 16:20:04,819] com.yammer.dropwizard.cli.ServerCommand: Starting hello-world
INFO  [2013-10-15 16:20:04,821] org.eclipse.jetty.server.Server: jetty-8.1.10.v20130312
INFO  [2013-10-15 16:20:04,926] com.sun.jersey.server.impl.application.WebApplicationImpl: Initiating Jersey application, version 'Jersey: 1.17.1 02/28/2013 12:47 PM'
INFO  [2013-10-15 16:20:04,988] com.yammer.dropwizard.config.Environment: The following paths were found for the configured resources:

    GET     /hello-world (spike.tfl.HelloController)

INFO  [2013-10-15 16:20:04,988] com.yammer.dropwizard.config.Environment: tasks = 

    POST    /tasks/gc (com.yammer.dropwizard.tasks.GarbageCollectionTask)

INFO  [2013-10-15 16:20:05,255] org.eclipse.jetty.server.AbstractConnector: Started InstrumentedBlockingChannelConnector@0.0.0.0:8080
INFO  [2013-10-15 16:20:05,257] org.eclipse.jetty.server.AbstractConnector: Started SocketConnector@0.0.0.0:8081
INFO  [2013-10-15 16:20:43,164] org.eclipse.jetty.server.Server: Graceful shutdown SocketConnector@0.0.0.0:8081
INFO  [2013-10-15 16:20:43,164] org.eclipse.jetty.server.Server: Graceful shutdown InstrumentedBlockingChannelConnector@0.0.0.0:8080
INFO  [2013-10-15 16:20:43,165] org.eclipse.jetty.server.Server: Graceful shutdown o.e.j.s.ServletContextHandler{/,null}
INFO  [2013-10-15 16:20:43,165] org.eclipse.jetty.server.Server: Graceful shutdown o.e.j.s.ServletContextHandler{/,file:/Users/lpaterso/dev/tfl_init/build/classes/main/}
INFO  [2013-10-15 16:20:45,218] org.eclipse.jetty.server.handler.ContextHandler: stopped o.e.j.s.ServletContextHandler{/,file:/Users/lpaterso/dev/tfl_init/build/classes/main/}
INFO  [2013-10-15 16:20:45,218] org.eclipse.jetty.server.handler.ContextHandler: stopped o.e.j.s.ServletContextHandler{/,null}
INFO  [2013-10-15 16:20:51,431] org.mongodb.morphia.logging.MorphiaLoggerFactory: LoggerImplFactory set to org.mongodb.morphia.logging.jdk.JDKLoggerFactory
INFO  [2013-10-15 16:20:51,601] com.yammer.dropwizard.cli.ServerCommand: Starting hello-world
INFO  [2013-10-15 16:20:51,603] org.eclipse.jetty.server.Server: jetty-8.1.10.v20130312
INFO  [2013-10-15 16:20:51,713] com.sun.jersey.server.impl.application.WebApplicationImpl: Initiating Jersey application, version 'Jersey: 1.17.1 02/28/2013 12:47 PM'
INFO  [2013-10-15 16:20:51,779] com.yammer.dropwizard.config.Environment: The following paths were found for the configured resources:

    GET     /hello-world (spike.tfl.HelloController)

INFO  [2013-10-15 16:20:51,779] com.yammer.dropwizard.config.Environment: tasks = 

    POST    /tasks/gc (com.yammer.dropwizard.tasks.GarbageCollectionTask)

INFO  [2013-10-15 16:20:52,046] org.eclipse.jetty.server.AbstractConnector: Started InstrumentedBlockingChannelConnector@0.0.0.0:8080
INFO  [2013-10-15 16:20:52,065] org.eclipse.jetty.server.AbstractConnector: Started SocketConnector@0.0.0.0:8081
INFO  [2013-10-15 16:40:27,004] org.mongodb.morphia.logging.MorphiaLoggerFactory: LoggerImplFactory set to org.mongodb.morphia.logging.jdk.JDKLoggerFactory
INFO  [2013-10-15 16:40:27,187] com.yammer.dropwizard.cli.ServerCommand: Starting hello-world
INFO  [2013-10-15 16:40:27,189] org.eclipse.jetty.server.Server: jetty-8.1.10.v20130312
INFO  [2013-10-15 16:40:27,322] com.sun.jersey.server.impl.application.WebApplicationImpl: Initiating Jersey application, version 'Jersey: 1.17.1 02/28/2013 12:47 PM'
INFO  [2013-10-15 16:40:27,390] com.yammer.dropwizard.config.Environment: The following paths were found for the configured resources:

    GET     /hello-world (spike.tfl.HelloController)

INFO  [2013-10-15 16:40:27,390] com.yammer.dropwizard.config.Environment: tasks = 

    POST    /tasks/gc (com.yammer.dropwizard.tasks.GarbageCollectionTask)

INFO  [2013-10-15 16:40:27,645] org.eclipse.jetty.server.AbstractConnector: Started InstrumentedBlockingChannelConnector@0.0.0.0:8080
INFO  [2013-10-15 16:40:27,647] org.eclipse.jetty.server.AbstractConnector: Started SocketConnector@0.0.0.0:8081
INFO  [2013-10-15 16:46:06,525] org.eclipse.jetty.server.Server: Graceful shutdown SocketConnector@0.0.0.0:8081
INFO  [2013-10-15 16:46:06,526] org.eclipse.jetty.server.Server: Graceful shutdown InstrumentedBlockingChannelConnector@0.0.0.0:8080
INFO  [2013-10-15 16:46:06,527] org.eclipse.jetty.server.Server: Graceful shutdown o.e.j.s.ServletContextHandler{/,null}
INFO  [2013-10-15 16:46:06,527] org.eclipse.jetty.server.Server: Graceful shutdown o.e.j.s.ServletContextHandler{/,file:/Users/lpaterso/dev/tfl_init/build/classes/main/}
INFO  [2013-10-15 16:46:08,586] org.eclipse.jetty.server.handler.ContextHandler: stopped o.e.j.s.ServletContextHandler{/,file:/Users/lpaterso/dev/tfl_init/build/classes/main/}
INFO  [2013-10-15 16:46:08,586] org.eclipse.jetty.server.handler.ContextHandler: stopped o.e.j.s.ServletContextHandler{/,null}
INFO  [2013-10-15 16:46:14,513] org.mongodb.morphia.logging.MorphiaLoggerFactory: LoggerImplFactory set to org.mongodb.morphia.logging.jdk.JDKLoggerFactory
INFO  [2013-10-15 16:46:14,681] com.yammer.dropwizard.cli.ServerCommand: Starting hello-world
INFO  [2013-10-15 16:46:14,683] org.eclipse.jetty.server.Server: jetty-8.1.10.v20130312
INFO  [2013-10-15 16:46:14,800] com.sun.jersey.server.impl.application.WebApplicationImpl: Initiating Jersey application, version 'Jersey: 1.17.1 02/28/2013 12:47 PM'
INFO  [2013-10-15 16:46:14,865] com.yammer.dropwizard.config.Environment: The following paths were found for the configured resources:

    GET     /hello-world (spike.tfl.HelloController)

INFO  [2013-10-15 16:46:14,865] com.yammer.dropwizard.config.Environment: tasks = 

    POST    /tasks/gc (com.yammer.dropwizard.tasks.GarbageCollectionTask)

INFO  [2013-10-15 16:46:15,169] org.eclipse.jetty.server.AbstractConnector: Started InstrumentedBlockingChannelConnector@0.0.0.0:8080
INFO  [2013-10-15 16:46:15,191] org.eclipse.jetty.server.AbstractConnector: Started SocketConnector@0.0.0.0:8081
INFO  [2013-10-15 16:58:43,518] org.eclipse.jetty.server.Server: Graceful shutdown SocketConnector@0.0.0.0:8081
INFO  [2013-10-15 16:58:43,519] org.eclipse.jetty.server.Server: Graceful shutdown InstrumentedBlockingChannelConnector@0.0.0.0:8080
INFO  [2013-10-15 16:58:43,520] org.eclipse.jetty.server.Server: Graceful shutdown o.e.j.s.ServletContextHandler{/,null}
INFO  [2013-10-15 16:58:43,520] org.eclipse.jetty.server.Server: Graceful shutdown o.e.j.s.ServletContextHandler{/,file:/Users/lpaterso/dev/tfl_init/build/classes/main/}
INFO  [2013-10-15 16:58:45,573] org.eclipse.jetty.server.handler.ContextHandler: stopped o.e.j.s.ServletContextHandler{/,file:/Users/lpaterso/dev/tfl_init/build/classes/main/}
INFO  [2013-10-15 16:58:45,573] org.eclipse.jetty.server.handler.ContextHandler: stopped o.e.j.s.ServletContextHandler{/,null}
INFO  [2013-10-15 16:58:52,233] org.mongodb.morphia.logging.MorphiaLoggerFactory: LoggerImplFactory set to org.mongodb.morphia.logging.jdk.JDKLoggerFactory
INFO  [2013-10-15 17:32:24,491] org.mongodb.morphia.logging.MorphiaLoggerFactory: LoggerImplFactory set to org.mongodb.morphia.logging.jdk.JDKLoggerFactory
INFO  [2013-10-15 17:32:24,709] com.yammer.dropwizard.cli.ServerCommand: Starting hello-world
INFO  [2013-10-15 17:32:24,711] org.eclipse.jetty.server.Server: jetty-8.1.10.v20130312
INFO  [2013-10-15 17:32:24,863] com.sun.jersey.server.impl.application.WebApplicationImpl: Initiating Jersey application, version 'Jersey: 1.17.1 02/28/2013 12:47 PM'
INFO  [2013-10-15 17:32:24,929] com.yammer.dropwizard.config.Environment: The following paths were found for the configured resources:

    GET     /hello-world (spike.tfl.HelloController)

INFO  [2013-10-15 17:32:24,930] com.yammer.dropwizard.config.Environment: tasks = 

    POST    /tasks/gc (com.yammer.dropwizard.tasks.GarbageCollectionTask)

INFO  [2013-10-15 17:32:25,219] org.eclipse.jetty.server.AbstractConnector: Started InstrumentedBlockingChannelConnector@0.0.0.0:8080
INFO  [2013-10-15 17:32:25,221] org.eclipse.jetty.server.AbstractConnector: Started SocketConnector@0.0.0.0:8081
INFO  [2013-10-15 17:42:38,479] org.eclipse.jetty.server.Server: Graceful shutdown SocketConnector@0.0.0.0:8081
INFO  [2013-10-15 17:42:38,480] org.eclipse.jetty.server.Server: Graceful shutdown InstrumentedBlockingChannelConnector@0.0.0.0:8080
INFO  [2013-10-15 17:42:38,481] org.eclipse.jetty.server.Server: Graceful shutdown o.e.j.s.ServletContextHandler{/,null}
INFO  [2013-10-15 17:42:38,481] org.eclipse.jetty.server.Server: Graceful shutdown o.e.j.s.ServletContextHandler{/,file:/Users/lpaterso/dev/tfl_init/build/classes/main/}
INFO  [2013-10-15 17:42:40,535] org.eclipse.jetty.server.handler.ContextHandler: stopped o.e.j.s.ServletContextHandler{/,file:/Users/lpaterso/dev/tfl_init/build/classes/main/}
INFO  [2013-10-15 17:42:40,535] org.eclipse.jetty.server.handler.ContextHandler: stopped o.e.j.s.ServletContextHandler{/,null}
